2019-01-11 10:49:20 [scrapy.utils.log] INFO: Scrapy 1.5.1 started (bot: scrapy_pro)
2019-01-11 10:49:20 [scrapy.utils.log] INFO: Versions: lxml 4.2.5.0, libxml2 2.9.5, cssselect 1.0.3, parsel 1.5.1, w3lib 1.19.0, Twisted 18.9.0, Python 3.6.6 (v3.6.6:4cf1f54eb7, Jun 27 2018, 03:37:03) [MSC v.1900 64 bit (AMD64)], pyOpenSSL 18.0.0 (OpenSSL 1.1.0i  14 Aug 2018), cryptography 2.3.1, Platform Windows-7-6.1.7601-SP1
2019-01-11 10:49:20 [scrapy.crawler] INFO: Overridden settings: {'BOT_NAME': 'scrapy_pro', 'FEED_EXPORT_ENCODING': 'gbk', 'LOG_FILE': 'log.log', 'NEWSPIDER_MODULE': 'scrapy_pro.spiders', 'SPIDER_MODULES': ['scrapy_pro.spiders'], 'USER_AGENT': 'Mozilla/5.0 (Windows NT 6.1; WOW64) AppleWebKit/537.36 (KHTML, like Gecko) Chrome/67.0.3396.99 Safari/537.36'}
2019-01-11 10:49:20 [scrapy.middleware] INFO: Enabled extensions:
['scrapy.extensions.corestats.CoreStats',
 'scrapy.extensions.telnet.TelnetConsole',
 'scrapy.extensions.logstats.LogStats']
2019-01-11 10:49:20 [scrapy.middleware] INFO: Enabled downloader middlewares:
['scrapy.downloadermiddlewares.httpauth.HttpAuthMiddleware',
 'scrapy.downloadermiddlewares.downloadtimeout.DownloadTimeoutMiddleware',
 'scrapy.downloadermiddlewares.defaultheaders.DefaultHeadersMiddleware',
 'scrapy.downloadermiddlewares.useragent.UserAgentMiddleware',
 'scrapy_pro.middlewares.ScrapyProDownloaderMiddleware',
 'scrapy.downloadermiddlewares.retry.RetryMiddleware',
 'scrapy.downloadermiddlewares.redirect.MetaRefreshMiddleware',
 'scrapy.downloadermiddlewares.httpcompression.HttpCompressionMiddleware',
 'scrapy.downloadermiddlewares.redirect.RedirectMiddleware',
 'scrapy.downloadermiddlewares.cookies.CookiesMiddleware',
 'scrapy.downloadermiddlewares.httpproxy.HttpProxyMiddleware',
 'scrapy.downloadermiddlewares.stats.DownloaderStats']
2019-01-11 10:49:20 [scrapy.middleware] INFO: Enabled spider middlewares:
['scrapy.spidermiddlewares.httperror.HttpErrorMiddleware',
 'scrapy.spidermiddlewares.offsite.OffsiteMiddleware',
 'scrapy.spidermiddlewares.referer.RefererMiddleware',
 'scrapy.spidermiddlewares.urllength.UrlLengthMiddleware',
 'scrapy.spidermiddlewares.depth.DepthMiddleware']
2019-01-11 10:49:20 [scrapy.middleware] INFO: Enabled item pipelines:
['scrapy_pro.pipelines.ScrapyProPipeline']
2019-01-11 10:49:20 [scrapy.core.engine] INFO: Spider opened
2019-01-11 10:49:20 [scrapy.extensions.logstats] INFO: Crawled 0 pages (at 0 pages/min), scraped 0 items (at 0 items/min)
2019-01-11 10:49:20 [scrapy_demo] INFO: Spider opened: scrapy_demo
2019-01-11 10:49:20 [scrapy.extensions.telnet] DEBUG: Telnet console listening on 127.0.0.1:6023
2019-01-11 10:49:42 [scrapy.downloadermiddlewares.retry] DEBUG: Retrying <GET https://www.baidu.com/s?ie=utf-8&wd=ip> (failed 1 times): TCP connection timed out: 10060: 由于连接方在一段时间后没有正确答复或连接的主机没有反应，连接尝试失败。.
2019-01-11 10:49:54 [scrapy.core.engine] DEBUG: Crawled (200) <GET https://www.baidu.com/s?ie=utf-8&wd=ip> (referer: None)
2019-01-11 10:49:54 [scrapy.core.engine] INFO: Closing spider (finished)
2019-01-11 10:49:54 [scrapy.statscollectors] INFO: Dumping Scrapy stats:
{'downloader/exception_count': 1,
 'downloader/exception_type_count/twisted.internet.error.TCPTimedOutError': 1,
 'downloader/request_bytes': 604,
 'downloader/request_count': 2,
 'downloader/request_method_count/GET': 2,
 'downloader/response_bytes': 72652,
 'downloader/response_count': 1,
 'downloader/response_status_count/200': 1,
 'finish_reason': 'finished',
 'finish_time': datetime.datetime(2019, 1, 11, 2, 49, 54, 548233),
 'log_count/DEBUG': 3,
 'log_count/INFO': 8,
 'response_received_count': 1,
 'retry/count': 1,
 'retry/reason_count/twisted.internet.error.TCPTimedOutError': 1,
 'scheduler/dequeued': 2,
 'scheduler/dequeued/memory': 2,
 'scheduler/enqueued': 2,
 'scheduler/enqueued/memory': 2,
 'start_time': datetime.datetime(2019, 1, 11, 2, 49, 20, 988313)}
2019-01-11 10:49:54 [scrapy.core.engine] INFO: Spider closed (finished)
